# JRE version: Java(TM) SE Runtime Environment (8.0_161-b12) (build 1.8.0_161-b12)
# Java VM: Java HotSpot(TM) 64-Bit Server VM (25.161-b12 mixed mode windows-amd64 compressed oops)
Heap:
 PSYoungGen      total 27648K, used 14596K [0x00000000e0800000, 0x00000000e3180000, 0x0000000100000000)
  eden space 23040K, 43% used [0x00000000e0800000,0x00000000e11ca7a0,0x00000000e1e80000)
  from space 4608K, 99% used [0x00000000e1f00000,0x00000000e2376b08,0x00000000e2380000)
  to   space 9728K, 0% used [0x00000000e2800000,0x00000000e2800000,0x00000000e3180000)
 ParOldGen       total 65536K, used 18268K [0x00000000a1800000, 0x00000000a5800000, 0x00000000e0800000)
  object space 65536K, 27% used [0x00000000a1800000,0x00000000a29d7038,0x00000000a5800000)
 Metaspace       used 19420K, capacity 19728K, committed 19968K, reserved 1067008K
  class space    used 2147K, capacity 2236K, committed 2304K, reserved 1048576K
GC Heap History (10 events):
Event: 8.979 GC heap before
{Heap before GC invocations=3 (full 0):
 PSYoungGen      total 28672K, used 28662K [0x00000000e0800000, 0x00000000e2800000, 0x0000000100000000)
  eden space 24576K, 100% used [0x00000000e0800000,0x00000000e2000000,0x00000000e2000000)
  from space 4096K, 99% used [0x00000000e2400000,0x00000000e27fd810,0x00000000e2800000)
  to   space 4096K, 0% used [0x00000000e2000000,0x00000000e2000000,0x00000000e2400000)
 ParOldGen       total 65536K, used 4426K [0x00000000a1800000, 0x00000000a5800000, 0x00000000e0800000)
  object space 65536K, 6% used [0x00000000a1800000,0x00000000a1c52a10,0x00000000a5800000)
 Metaspace       used 17910K, capacity 18262K, committed 18560K, reserved 1064960K
  class space    used 2022K, capacity 2135K, committed 2176K, reserved 1048576K
Event: 8.993 GC heap after
Heap after GC invocations=3 (full 0):
 PSYoungGen      total 28672K, used 4079K [0x00000000e0800000, 0x00000000e2800000, 0x0000000100000000)
  eden space 24576K, 0% used [0x00000000e0800000,0x00000000e0800000,0x00000000e2000000)
  from space 4096K, 99% used [0x00000000e2000000,0x00000000e23fbf48,0x00000000e2400000)
  to   space 4096K, 0% used [0x00000000e2400000,0x00000000e2400000,0x00000000e2800000)
 ParOldGen       total 65536K, used 10305K [0x00000000a1800000, 0x00000000a5800000, 0x00000000e0800000)
  object space 65536K, 15% used [0x00000000a1800000,0x00000000a2210500,0x00000000a5800000)
 Metaspace       used 17910K, capacity 18262K, committed 18560K, reserved 1064960K
  class space    used 2022K, capacity 2135K, committed 2176K, reserved 1048576K
}
Event: 10.241 GC heap before
{Heap before GC invocations=4 (full 0):
 PSYoungGen      total 28672K, used 28655K [0x00000000e0800000, 0x00000000e2800000, 0x0000000100000000)
  eden space 24576K, 100% used [0x00000000e0800000,0x00000000e2000000,0x00000000e2000000)
  from space 4096K, 99% used [0x00000000e2000000,0x00000000e23fbf48,0x00000000e2400000)
  to   space 4096K, 0% used [0x00000000e2400000,0x00000000e2400000,0x00000000e2800000)
 ParOldGen       total 65536K, used 10305K [0x00000000a1800000, 0x00000000a5800000, 0x00000000e0800000)
  object space 65536K, 15% used [0x00000000a1800000,0x00000000a2210500,0x00000000a5800000)
 Metaspace       used 18108K, capacity 18454K, committed 18816K, reserved 1067008K
  class space    used 2023K, capacity 2135K, committed 2176K, reserved 1048576K
Event: 10.252 GC heap after
Heap after GC invocations=4 (full 0):
 PSYoungGen      total 28672K, used 4076K [0x00000000e0800000, 0x00000000e2800000, 0x0000000100000000)
  eden space 24576K, 0% used [0x00000000e0800000,0x00000000e0800000,0x00000000e2000000)
  from space 4096K, 99% used [0x00000000e2400000,0x00000000e27fb1a8,0x00000000e2800000)
  to   space 4096K, 0% used [0x00000000e2000000,0x00000000e2000000,0x00000000e2400000)
 ParOldGen       total 65536K, used 13162K [0x00000000a1800000, 0x00000000a5800000, 0x00000000e0800000)
  object space 65536K, 20% used [0x00000000a1800000,0x00000000a24da9f0,0x00000000a5800000)
 Metaspace       used 18108K, capacity 18454K, committed 18816K, reserved 1067008K
  class space    used 2023K, capacity 2135K, committed 2176K, reserved 1048576K
}
Event: 20.598 GC heap before
{Heap before GC invocations=5 (full 0):
 PSYoungGen      total 28672K, used 28641K [0x00000000e0800000, 0x00000000e2800000, 0x0000000100000000)
  eden space 24576K, 99% used [0x00000000e0800000,0x00000000e1ffd328,0x00000000e2000000)
  from space 4096K, 99% used [0x00000000e2400000,0x00000000e27fb1a8,0x00000000e2800000)
  to   space 4096K, 0% used [0x00000000e2000000,0x00000000e2000000,0x00000000e2400000)
 ParOldGen       total 65536K, used 13162K [0x00000000a1800000, 0x00000000a5800000, 0x00000000e0800000)
  object space 65536K, 20% used [0x00000000a1800000,0x00000000a24da9f0,0x00000000a5800000)
 Metaspace       used 19018K, capacity 19336K, committed 19712K, reserved 1067008K
  class space    used 2146K, capacity 2236K, committed 2304K, reserved 1048576K
Event: 20.607 GC heap after
Heap after GC invocations=5 (full 0):
 PSYoungGen      total 28160K, used 4093K [0x00000000e0800000, 0x00000000e3280000, 0x0000000100000000)
  eden space 24064K, 0% used [0x00000000e0800000,0x00000000e0800000,0x00000000e1f80000)
  from space 4096K, 99% used [0x00000000e2000000,0x00000000e23ff6f8,0x00000000e2400000)
  to   space 9728K, 0% used [0x00000000e2900000,0x00000000e2900000,0x00000000e3280000)
 ParOldGen       total 65536K, used 16111K [0x00000000a1800000, 0x00000000a5800000, 0x00000000e0800000)
  object space 65536K, 24% used [0x00000000a1800000,0x00000000a27bbc48,0x00000000a5800000)
 Metaspace       used 19018K, capacity 19336K, committed 19712K, reserved 1067008K
  class space    used 2146K, capacity 2236K, committed 2304K, reserved 1048576K
}
Event: 36.561 GC heap before
{Heap before GC invocations=6 (full 0):
 PSYoungGen      total 28160K, used 28157K [0x00000000e0800000, 0x00000000e3280000, 0x0000000100000000)
  eden space 24064K, 100% used [0x00000000e0800000,0x00000000e1f80000,0x00000000e1f80000)
  from space 4096K, 99% used [0x00000000e2000000,0x00000000e23ff6f8,0x00000000e2400000)
  to   space 9728K, 0% used [0x00000000e2900000,0x00000000e2900000,0x00000000e3280000)
 ParOldGen       total 65536K, used 16111K [0x00000000a1800000, 0x00000000a5800000, 0x00000000e0800000)
  object space 65536K, 24% used [0x00000000a1800000,0x00000000a27bbc48,0x00000000a5800000)
 Metaspace       used 19244K, capacity 19592K, committed 19968K, reserved 1067008K
  class space    used 2146K, capacity 2236K, committed 2304K, reserved 1048576K
Event: 36.573 GC heap after
Heap after GC invocations=6 (full 0):
 PSYoungGen      total 32768K, used 6866K [0x00000000e0800000, 0x00000000e3200000, 0x0000000100000000)
  eden space 23552K, 0% used [0x00000000e0800000,0x00000000e0800000,0x00000000e1f00000)
  from space 9216K, 74% used [0x00000000e2900000,0x00000000e2fb4998,0x00000000e3200000)
  to   space 9728K, 0% used [0x00000000e1f00000,0x00000000e1f00000,0x00000000e2880000)
 ParOldGen       total 65536K, used 16119K [0x00000000a1800000, 0x00000000a5800000, 0x00000000e0800000)
  object space 65536K, 24% used [0x00000000a1800000,0x00000000a27bdc48,0x00000000a5800000)
 Metaspace       used 19244K, capacity 19592K, committed 19968K, reserved 1067008K
  class space    used 2146K, capacity 2236K, committed 2304K, reserved 1048576K
}
Event: 283.793 GC heap before
{Heap before GC invocations=7 (full 0):
 PSYoungGen      total 32768K, used 30418K [0x00000000e0800000, 0x00000000e3200000, 0x0000000100000000)
  eden space 23552K, 100% used [0x00000000e0800000,0x00000000e1f00000,0x00000000e1f00000)
  from space 9216K, 74% used [0x00000000e2900000,0x00000000e2fb4998,0x00000000e3200000)
  to   space 9728K, 0% used [0x00000000e1f00000,0x00000000e1f00000,0x00000000e2880000)
 ParOldGen       total 65536K, used 16119K [0x00000000a1800000, 0x00000000a5800000, 0x00000000e0800000)
  object space 65536K, 24% used [0x00000000a1800000,0x00000000a27bdc48,0x00000000a5800000)
 Metaspace       used 19418K, capacity 19728K, committed 19968K, reserved 1067008K
  class space    used 2147K, capacity 2236K, committed 2304K, reserved 1048576K
Event: 283.816 GC heap after
Heap after GC invocations=7 (full 0):
 PSYoungGen      total 27648K, used 4570K [0x00000000e0800000, 0x00000000e3180000, 0x0000000100000000)
  eden space 23040K, 0% used [0x00000000e0800000,0x00000000e0800000,0x00000000e1e80000)
  from space 4608K, 99% used [0x00000000e1f00000,0x00000000e2376b08,0x00000000e2380000)
  to   space 9728K, 0% used [0x00000000e2800000,0x00000000e2800000,0x00000000e3180000)
 ParOldGen       total 65536K, used 18268K [0x00000000a1800000, 0x00000000a5800000, 0x00000000e0800000)
  object space 65536K, 27% used [0x00000000a1800000,0x00000000a29d7038,0x00000000a5800000)
 Metaspace       used 19418K, capacity 19728K, committed 19968K, reserved 1067008K
  class space    used 2147K, capacity 2236K, committed 2304K, reserved 1048576K
}

